0 info it worked if it ends with ok
1 verbose cli [ '/home/ubuntu/.nvm/v0.10.35/bin/node',
1 verbose cli   '/home/ubuntu/.nvm/v0.10.35/bin/npm',
1 verbose cli   'run',
1 verbose cli   'autogit' ]
2 info using npm@1.4.28
3 info using node@v0.10.35
4 verbose run-script [ 'preautogit', 'autogit', 'postautogit' ]
5 info preautogit Mac_tire_Site@
6 verbose unsafe-perm in lifecycle true
7 info autogit Mac_tire_Site@
8 verbose unsafe-perm in lifecycle true
9 info Mac_tire_Site@ Failed to exec autogit script
10 error Mac_tire_Site@ autogit: `git commit -m 'auto'`
10 error Exit status 1
11 error Failed at the Mac_tire_Site@ autogit script.
11 error This is most likely a problem with the Mac_tire_Site package,
11 error not with npm itself.
11 error Tell the author that this fails on your system:
11 error     git commit -m 'auto'
11 error You can get their info via:
11 error     npm owner ls Mac_tire_Site
11 error There is likely additional logging output above.
12 error System Linux 4.2.0-c9
13 error command "/home/ubuntu/.nvm/v0.10.35/bin/node" "/home/ubuntu/.nvm/v0.10.35/bin/npm" "run" "autogit"
14 error cwd /home/ubuntu/workspace/ross_site
15 error node -v v0.10.35
16 error npm -v 1.4.28
17 error code ELIFECYCLE
18 verbose exit [ 1, true ]
